#
# A fatal error has been detected by the Java Runtime Environment:
#
#  EXCEPTION_ACCESS_VIOLATION (0xc0000005) at pc=0x00000222269793ba, pid=5832, tid=13576
#
# JRE version: OpenJDK Runtime Environment Temurin-17.0.9+9 (17.0.9+9) (build 17.0.9+9)
# Java VM: OpenJDK 64-Bit Server VM Temurin-17.0.9+9 (17.0.9+9, mixed mode, emulated-client, tiered, compressed oops, compressed class ptrs, g1 gc, windows-amd64)
# Problematic frame:
# j  org.apache.catalina.mapper.MapperListener.unregisterWrapper(Lorg/apache/catalina/Wrapper;)V+59
#
# No core dump will be written. Minidumps are not enabled by default on client versions of Windows
#
# If you would like to submit a bug report, please visit:
#   https://github.com/adoptium/adoptium-support/issues
#

---------------  S U M M A R Y ------------

Command Line: -Dcom.sun.management.jmxremote -Dcom.sun.management.jmxremote.port=51539 -Dcom.sun.management.jmxremote.authenticate=false -Dcom.sun.management.jmxremote.ssl=false -Djava.rmi.server.hostname=localhost -Dspring.jmx.enabled=true -Dmanagement.endpoints.jmx.exposure.include=* -Dspring.application.admin.enabled=true -XX:TieredStopAtLevel=1 -Dspring.boot.project.name=Student-Portal -Dfile.encoding=UTF-8 -Dstdout.encoding=UTF-8 -Dstderr.encoding=UTF-8 -XX:+ShowCodeDetailsInExceptionMessages com.boot.StudentPortalApplication --spring.output.ansi.enabled=always

Host: Intel(R) Core(TM) i5-8350U CPU @ 1.70GHz, 8 cores, 7G,  Windows 11 , 64 bit Build 22621 (10.0.22621.2506)
Time: Thu Jan  4 21:41:19 2024 India Standard Time elapsed time: 142.948003 seconds (0d 0h 2m 22s)

---------------  T H R E A D  ---------------

Current thread (0x0000022238023910):  JavaThread "Thread-7" [_thread_in_Java, id=13576, stack(0x0000008716c00000,0x0000008716d00000)]

Stack: [0x0000008716c00000,0x0000008716d00000],  sp=0x0000008716cfe088,  free space=1016k
Native frames: (J=compiled Java code, j=interpreted, Vv=VM code, C=native code)
C  0x00000222269793ba

The last pc belongs to invokeinterface (printed below).

siginfo: EXCEPTION_ACCESS_VIOLATION (0xc0000005), reading address 0xffffffffffffffff


Registers:
RAX=0x0029b25700020031, RBX=0x0000022233fec150, RCX=0x0000022233fec150, RDX=0x00000001004f63d0
RSP=0x0000008716cfe088, RBP=0x0000008716cfe0e0, RSI=0x0000000000000000, RDI=0x0000000000000000
R8 =0x0000000082c34078, R9 =0x0000000000000000, R10=0x00007ffde92d59f0, R11=0x0000022226c1a640
R12=0x0000000000000000, R13=0x000002223404b61b, R14=0x00000001004f69b8, R15=0x0000022238023910
RIP=0x00000222269793ba, EFLAGS=0x0000000000010246


Register to memory mapping:

RIP=0x00000222269793ba is at code_begin+570 in an Interpreter codelet
invokeinterface  185 invokeinterface  [0x0000022226979180, 0x00000222269795e0]  1120 bytes
RAX=0x0029b25700020031 is an unknown value
RBX={method} {0x0000022233fec158} 
[error occurred during error reporting (printing register info), id 0xc0000005, EXCEPTION_ACCESS_VIOLATION (0xc0000005) at pc=0x00007ffde8d60ce3]

Top of Stack: (sp=0x0000008716cfe088)
0x0000008716cfe088:   000002222696986b 00000000842bdd68
0x0000008716cfe098:   0000008716cfe098 000002223404b61b
0x0000008716cfe0a8:   0000008716cfe148 000002223404c260
0x0000008716cfe0b8:   0000000000000000 000000008371b020
0x0000008716cfe0c8:   000002223404b708 0000000000000000
0x0000008716cfe0d8:   0000008716cfe140 0000008716cfe198
0x0000008716cfe0e8:   00000222269693d6 0000000000000000
0x0000008716cfe0f8:   0000000000000000 0000000000000000
0x0000008716cfe108:   0000000000000000 0000000000000000
0x0000008716cfe118:   0000000082c897b8 0000000082a68388
0x0000008716cfe128:   000000008306ff08 0000000082a68388
0x0000008716cfe138:   00000000842bc670 00000000842bdd68
0x0000008716cfe148:   00000000842bc8d8 0000008716cfe150
0x0000008716cfe158:   000002223404be54 0000008716cfe1c0
0x0000008716cfe168:   000002223404c260 0000000000000000
0x0000008716cfe178:   000000008371b020 000002223404bee0
0x0000008716cfe188:   0000008716cfe140 0000008716cfe1d0
0x0000008716cfe198:   0000008716cfe3c8 0000022226e5436c
0x0000008716cfe1a8:   0000000000000000 00000000842bdd68
0x0000008716cfe1b8:   00000000856c5098 00000000842bc8d8
0x0000008716cfe1c8:   0000022226e5436c 00000000856c5098
0x0000008716cfe1d8:   0000000000000000 00000001003d5500
0x0000008716cfe1e8:   0000000000000000 00000222385d8300
0x0000008716cfe1f8:   0000000000000000 00000000833a51d0
0x0000008716cfe208:   0000022226ce3595 0000022232190858
0x0000008716cfe218:   0000008716cfe270 0000000000000001
0x0000008716cfe228:   0000022238023910 0000000082d6b070
0x0000008716cfe238:   00007ffde8b40000 00000000856c5098
0x0000008716cfe248:   00000000856c50b0 00000000842bdd68
0x0000008716cfe258:   0000000000000000 0000008716cfe3c8
0x0000008716cfe268:   0000022226e520cc 00000000842bdd68
0x0000008716cfe278:   0000022226eeca24 00007ffde906de30 

Instructions: (pc=0x00000222269793ba)
0x00000222269792ba:   8b d5 4c 8b 6d c0 44 8b f2 41 81 e6 00 00 80 00
0x00000222269792ca:   0f 84 38 00 00 00 8b c2 81 e0 00 00 10 00 0f 84
0x00000222269792da:   0f 00 00 00 48 3b 01 4c 8d 6c 24 08 4c 89 6d f0
0x00000222269792ea:   ff 63 50 8b 41 08 48 c1 e0 03 48 8b 9c d8 c8 01
0x00000222269792fa:   00 00 4c 8d 6c 24 08 4c 89 6d f0 ff 63 50 44 8b
0x000002222697930a:   f2 41 81 e6 00 00 10 00 0f 84 5c 00 00 00 44 8b
0x000002222697931a:   71 08 49 c1 e6 03 4c 3b f0 0f 84 3f 00 00 00 44
0x000002222697932a:   8b 68 14 4b 3b 04 2e 0f 84 31 00 00 00 41 83 fd
0x000002222697933a:   20 0f 85 1f 00 00 00 51 57 49 8b 7e 28 8b 0f 48
0x000002222697934a:   83 c7 08 48 85 c0 f2 48 af 5f 59 75 09 49 89 46
0x000002222697935a:   20 e9 08 00 00 00 49 8b d6 e9 96 01 00 00 4c 8d
0x000002222697936a:   6c 24 08 4c 89 6d f0 ff 63 50 4c 8b 75 c8 8b 51
0x000002222697937a:   08 48 c1 e2 03 48 8b cb 44 8b b2 a0 00 00 00 4e
0x000002222697938a:   8d b4 f2 c8 01 00 00 4d 8b 2e 49 3b c5 74 15 4d
0x000002222697939a:   85 ed 0f 84 5c 01 00 00 49 83 c6 10 4d 8b 2e 49
0x00000222269793aa:   3b c5 75 eb 4c 8b 6d c0 48 8b 43 08 48 8b 40 08
0x00000222269793ba:   48 8b 40 18 8b 5b 2c 83 eb f6 f7 db 4c 8b f2 45
0x00000222269793ca:   8b ae a0 00 00 00 4f 8d ac ee c8 01 00 00 4d 8d
0x00000222269793da:   34 de 49 8b 5d 00 48 3b c3 74 16 48 85 db 0f 84
0x00000222269793ea:   10 01 00 00 49 83 c5 10 49 8b 5d 00 48 3b c3 75
0x00000222269793fa:   ea 45 8b 6d 08 4b 8b 1c 2e 48 85 db 0f 84 28 00
0x000002222697940a:   00 00 4c 8d 6c 24 08 4c 89 6d f0 ff 63 50 48 b9
0x000002222697941a:   40 9a 05 e9 fd 7f 00 00 48 83 e4 f0 49 ba 60 2f
0x000002222697942a:   ce e8 fd 7f 00 00 41 ff d2 f4 5b 4c 8b 6d c0 4c
0x000002222697943a:   8b 75 c8 4c 8b c1 e8 05 00 00 00 e9 98 00 00 00
0x000002222697944a:   48 8d 44 24 08 4c 89 6d c0 49 8b cf c5 f8 77 49
0x000002222697945a:   89 af a8 02 00 00 49 89 87 98 02 00 00 48 83 ec
0x000002222697946a:   20 f7 c4 0f 00 00 00 0f 84 1a 00 00 00 48 83 ec
0x000002222697947a:   08 49 ba 00 74 ab e8 fd 7f 00 00 41 ff d2 48 83
0x000002222697948a:   c4 08 e9 0d 00 00 00 49 ba 00 74 ab e8 fd 7f 00
0x000002222697949a:   00 41 ff d2 48 83 c4 20 49 c7 87 98 02 00 00 00
0x00000222269794aa:   00 00 00 49 c7 87 a8 02 00 00 00 00 00 00 49 c7 


Stack slot to memory mapping:
stack at sp + 0 slots: 0x000002222696986b is at code_begin+1995 in an Interpreter codelet
return entry points  [0x00000222269690a0, 0x00000222269698c0]  2080 bytes
stack at sp + 1 slots: 0x00000000842bdd68 is an oop: org.apache.catalina.core.StandardWrapper 
{0x00000000842bdd68} - klass: 'org/apache/catalina/core/StandardWrapper'
 - ---- fields (total size 28 words):
 - private 'throwOnFailure' 'Z' @12  true
 - private final 'lifecycleListeners' 'Ljava/util/List;' @16  a 'java/util/concurrent/CopyOnWriteArrayList'{0x00000000842bde48} (842bde48)
 - private volatile 'state' 'Lorg/apache/catalina/LifecycleState;' @20  a 'org/apache/catalina/LifecycleState'{0x0000000082d8b048} (82d8b048)
 - private 'domain' 'Ljava/lang/String;' @24  "Tomcat"{0x0000000083506318} (83506318)
 - private 'oname' 'Ljavax/management/ObjectName;' @28  a 'javax/management/ObjectName'{0x00000000842bde88} (842bde88)
 - protected 'startChildren' 'Z' @13  true
 - private volatile 'accessLogScanComplete' 'Z' @14  false
 - protected 'backgroundProcessorDelay' 'I' @32  -1 (ffffffff)
 - private 'startStopThreads' 'I' @36  1
 - protected final 'children' 'Ljava/util/HashMap;' @40  a 'java/util/HashMap'{0x00000000842bdf70} (842bdf70)
 - protected 'backgroundProcessorFuture' 'Ljava/util/concurrent/ScheduledFuture;' @44  NULL (0)
 - protected 'monitorFuture' 'Ljava/util/concurrent/ScheduledFuture;' @48  NULL (0)
 - protected final 'listeners' 'Ljava/util/List;' @52  a 'java/util/concurrent/CopyOnWriteArrayList'{0x00000000842bdfb0} (842bdfb0)
 - protected 'logger' 'Lorg/apache/juli/logging/Log;' @56  a 'org/apache/juli/logging/DirectJDKLog'{0x00000000842bdff0} (842bdff0)
 - protected 'logName' 'Ljava/lang/String;' @60  "org.apache.catalina.core.ContainerBase.[Tomcat].[localhost].[/].[dispatcherServlet]"{0x00000000842be000} (842be000)
 - protected 'cluster' 'Lorg/apache/catalina/Cluster;' @64  NULL (0)
 - private final 'clusterLock' 'Ljava/util/concurrent/locks/ReadWriteLock;' @68  a 'java/util/concurrent/locks/ReentrantReadWriteLock'{0x00000000842be080} (842be080)
 - protected 'name' 'Ljava/lang/String;' @72  "dispatcherServlet"{0x000000008306ff08} (8306ff08)
 - protected 'parent' 'Lorg/apache/catalina/Container;' @76  a 'org/springframework/boot/web/embedded/tomcat/TomcatEmbeddedContext'{0x00000000842bc670} (842bc670)
 - protected 'parentClassLoader' 'Ljava/lang/ClassLoader;' @80  NULL (0)
 - protected final 'pipeline' 'Lorg/apache/catalina/Pipeline;' @84  a 'org/apache/catalina/core/StandardPipeline'{0x00000000842be0f8} (842be0f8)
 - private volatile 'realm' 'Lorg/apache/catalina/Realm;' @88  NULL (0)
 - private final 'realmLock' 'Ljava/util/concurrent/locks/ReadWriteLock;' @92  a 'java/util/concurrent/locks/ReentrantReadWriteLock'{0x00000000842be218} (842be218)
 - protected final 'support' 'Ljava/beans/PropertyChangeSupport;' @96  a 'java/beans/PropertyChangeSupport'{0x00000000842be290} (842be290)
 - protected volatile 'accessLog' 'Lorg/apache/catalina/AccessLog;' @100  NULL (0)
 - protected 'startStopExecutor' 'Ljava/util/concurrent/ExecutorService;' @104  a 'org/apache/tomcat/util/threads/InlineExecutorService'{0x00000000842be2b8} (842be2b8)
 - protected volatile 'instanceInitialized' 'Z' @15  true
 - protected 'loadOnStartup' 'I' @108  -1 (ffffffff)
 - protected 'available' 'J' @112  0 (0 0)
 - protected 'sequenceNumber' 'J' @120  2 (2 0)
 - protected 'unloadDelay' 'J' @128  2000 (7d0 0)
 - protected 'loadTime' 'J' @136  0 (0 0)
 - protected 'classLoadTime' 'I' @144  0
 - protected volatile 'unloading' 'Z' @148  false
 - protected 'isJspServlet' 'Z' @149  false
 - protected 'swallowOutput' 'Z' @150  false
 - protected 'asyncSupported' 'Z' @151  true
 - protected 'enabled' 'Z' @152  true
 - private 'overridable' 'Z' @153  false
 - private final 'log' 'Lorg/apache/juli/logging/Log;' @156  a 'org/apache/juli/logging/DirectJDKLog'{0x00000000842be2e0} (842be2e0)
 - protected final 'broadcaster' 'Ljavax/management/NotificationBroadcasterSupport;' @160  a 'javax/management/NotificationBroadcasterSupport'{0x00000000842be2f0} (842be2f0)
 - protected final 'countAllocated' 'Ljava/util/concurrent/atomic/AtomicInteger;' @164  a 'java/util/concurrent/atomic/AtomicInteger'{0x00000000842be340} (842be340)
 - protected final 'facade' 'Lorg/apache/catalina/core/StandardWrapperFacade;' @168  a 'org/apache/catalina/core/StandardWrapperFacade'{0x00000000842be350} (842be350)
 - protected volatile 'instance' 'Ljakarta/servlet/Servlet;' @172  a 'org/springframework/web/servlet/DispatcherServlet'{0x00000000842be368} (842be368)
 - protected final 'mappings' 'Ljava/util/ArrayList;' @176  a 'java/util/ArrayList'{0x00000000842be478} (842be478)
 - protected 'parameters' 'Ljava/util/HashMap;' @180  a 'java/util/HashMap'{0x00000000842be4c8} (842be4c8)
 - protected 'references' 'Ljava/util/HashMap;' @184  a 'java/util/HashMap'{0x00000000842be4f8} (842be4f8)
 - protected 'runAs' 'Ljava/lang/String;' @188  NULL (0)
 - protected 'servletClass' 'Ljava/lang/String;' @192  "org.springframework.web.servlet.DispatcherServlet"{0x00000000827f4db8} (827f4db8)
 - protected 'jspMonitorON' 'Ljavax/management/ObjectName;' @196  NULL (0)
 - protected 'swValve' 'Lorg/apache/catalina/core/StandardWrapperValve;' @200  a 'org/apache/catalina/core/StandardWrapperValve'{0x00000000842be158} (842be158)
 - protected 'multipartConfigElement' 'Ljakarta/servlet/MultipartConfigElement;' @204  a 'jakarta/servlet/MultipartConfigElement'{0x00000000842be528} (842be528)
 - private final 'parametersLock' 'Ljava/util/concurrent/locks/ReentrantReadWriteLock;' @208  a 'java/util/concurrent/locks/ReentrantReadWriteLock'{0x00000000842be550} (842be550)
 - private final 'mappingsLock' 'Ljava/util/concurrent/locks/ReentrantReadWriteLock;' @212  a 'java/util/concurrent/locks/ReentrantReadWriteLock'{0x00000000842be5c8} (842be5c8)
 - private final 'referencesLock' 'Ljava/util/concurrent/locks/ReentrantReadWriteLock;' @216  a 'java/util/concurrent/locks/ReentrantReadWriteLock'{0x00000000842be640} (842be640)
 - protected 'notificationInfo' '[Ljavax/management/MBeanNotificationInfo;' @220  NULL (0)
stack at sp + 2 slots: 0x0000008716cfe098 is pointing into the stack for thread: 0x0000022238023910
stack at sp + 3 slots: 0x000002223404b61b is pointing into metadata
stack at sp + 4 slots: 0x0000008716cfe148 is pointing into the stack for thread: 0x0000022238023910
stack at sp + 5 slots: 0x000002223404c260 is pointing into metadata
stack at sp + 6 slots: 0x0 is NULL
stack at sp + 7 slots: 0x000000008371b020 is an oop: java.lang.Class 
{0x000000008371b020} - klass: 'java/lang/Class'
 - ---- fields (total size 15 words):
 - private volatile transient 'classRedefinedCount' 'I' @12  0
 - private volatile transient 'cachedConstructor' 'Ljava/lang/reflect/Constructor;' @40  NULL (0)
 - private transient 'name' 'Ljava/lang/String;' @44  "org.apache.catalina.mapper.MapperListener"{0x00000000832bad60} (832bad60)
 - private transient 'module' 'Ljava/lang/Module;' @48  a 'java/lang/Module'{0x0000000082a68850} (82a68850)
 - private final 'classLoader' 'Ljava/lang/ClassLoader;' @52  a 'jdk/internal/loader/ClassLoaders$AppClassLoader'{0x0000000082a682b8} (82a682b8)
 - private transient 'classData' 'Ljava/lang/Object;' @56  NULL (0)
 - private transient 'packageName' 'Ljava/lang/String;' @60  "org.apache.catalina.mapper"{0x0000000083631688} (83631688)
 - private final 'componentType' 'Ljava/lang/Class;' @64  NULL (0)
 - private volatile transient 'reflectionData' 'Ljava/lang/ref/SoftReference;' @68  NULL (0)
 - private volatile transient 'genericInfo' 'Lsun/reflect/generics/repository/ClassRepository;' @72  NULL (0)
 - private volatile transient 'enumConstants' '[Ljava/lang/Object;' @76  NULL (0)
 - private volatile transient 'enumConstantDirectory' 'Ljava/util/Map;' @80  NULL (0)
 - private volatile transient 'annotationData' 'Ljava/lang/Class$AnnotationData;' @84  NULL (0)
 - private volatile transient 'annotationType' 'Lsun/reflect/annotation/AnnotationType;' @88  NULL (0)
 - transient 'classValueMap' 'Ljava/lang/ClassValue$ClassValueMap;' @92  NULL (0)
 - signature: Lorg/apache/catalina/mapper/MapperListener;
 - fake entry for mirror: 'org/apache/catalina/mapper/MapperListener'
 - fake entry for array: NULL
 - fake entry for oop_size: 15
 - fake entry for static_oop_field_count: 2
 - private static final 'log' 'Lorg/apache/juli/logging/Log;' @112  a 'org/apache/juli/logging/DirectJDKLog'{0x000000008371b098} (8371b098)
 - private static final 'sm' 'Lorg/apache/tomcat/util/res/StringManager;' @116  a 'org/apache/tomcat/util/res/StringManager'{0x0000000083631780} (83631780)

invokeinterface  185 invokeinterface  [0x0000022226979180, 0x00000222269795e0]  1120 bytes
[MachCode]
  0x0000022226979180: 4883 ec08 | c5fa 1104 | 24eb 1f48 | 83ec 10c5 | fb11 0424 | eb14 4883 | ec10 4889 | 0424 48c7 
  0x00000222269791a0: 4424 0800 | 0000 00eb | 0150 4c89 | 6dc0 410f | b755 0148 | 8b4d d0c1 | e202 8b5c | d120 c1eb 
  0x00000222269791c0: 1081 e3ff | 0000 0081 | fbb9 0000 | 000f 84b6 | 0000 00bb | b900 0000 | e805 0000 | 00e9 9b00 
  0x00000222269791e0: 0000 488b | d348 8d44 | 2408 4c89 | 6dc0 498b | cfc5 f877 | 4989 afa8 | 0200 0049 | 8987 9802 
  0x0000022226979200: 0000 4883 | ec20 f7c4 | 0f00 0000 | 0f84 1a00 | 0000 4883 | ec08 49ba | b064 abe8 | fd7f 0000 
  0x0000022226979220: 41ff d248 | 83c4 08e9 | 0d00 0000 | 49ba b064 | abe8 fd7f | 0000 41ff | d248 83c4 | 2049 c787 
  0x0000022226979240: 9802 0000 | 0000 0000 | 49c7 87a8 | 0200 0000 | 0000 0049 | c787 a002 | 0000 0000 | 0000 c5f8 
  0x0000022226979260: 7749 817f | 0800 0000 | 000f 8405 | 0000 00e9 | 8c7c feff | 4c8b 6dc0 | 4c8b 75c8 | c341 0fb7 
  0x0000022226979280: 5501 488b | 4dd0 c1e2 | 0248 8b44 | d128 488b | 5cd1 308b | 54d1 388b | ca81 e1ff | 0000 0048 
  0x00000222269792a0: 8b4c ccf8 | 448b eac1 | ea1c 49ba | f059 2de9 | fd7f 0000 | 498b 14d2 | 5241 8bd5 | 4c8b 6dc0 
  0x00000222269792c0: 448b f241 | 81e6 0000 | 8000 0f84 | 3800 0000 | 8bc2 81e0 | 0000 1000 | 0f84 0f00 | 0000 483b 
  0x00000222269792e0: 014c 8d6c | 2408 4c89 | 6df0 ff63 | 508b 4108 | 48c1 e003 | 488b 9cd8 | c801 0000 | 4c8d 6c24 
  0x0000022226979300: 084c 896d | f0ff 6350 | 448b f241 | 81e6 0000 | 1000 0f84 | 5c00 0000 | 448b 7108 | 49c1 e603 
  0x0000022226979320: 4c3b f00f | 843f 0000 | 0044 8b68 | 144b 3b04 | 2e0f 8431 | 0000 0041 | 83fd 200f | 851f 0000 
  0x0000022226979340: 0051 5749 | 8b7e 288b | 0f48 83c7 | 0848 85c0 | f248 af5f | 5975 0949 | 8946 20e9 | 0800 0000 
  0x0000022226979360: 498b d6e9 | 9601 0000 | 4c8d 6c24 | 084c 896d | f0ff 6350 | 4c8b 75c8 | 8b51 0848 | c1e2 0348 
  0x0000022226979380: 8bcb 448b | b2a0 0000 | 004e 8db4 | f2c8 0100 | 004d 8b2e | 493b c574 | 154d 85ed | 0f84 5c01 
  0x00000222269793a0: 0000 4983 | c610 4d8b | 2e49 3bc5 | 75eb 4c8b | 6dc0 488b | 4308 488b | 4008 488b | 4018 8b5b 
  0x00000222269793c0: 2c83 ebf6 | f7db 4c8b | f245 8bae | a000 0000 | 4f8d acee | c801 0000 | 4d8d 34de | 498b 5d00 
  0x00000222269793e0: 483b c374 | 1648 85db | 0f84 1001 | 0000 4983 | c510 498b | 5d00 483b | c375 ea45 | 8b6d 084b 
  0x0000022226979400: 8b1c 2e48 | 85db 0f84 | 2800 0000 | 4c8d 6c24 | 084c 896d | f0ff 6350 | 48b9 409a | 05e9 fd7f 
  0x0000022226979420: 0000 4883 | e4f0 49ba | 602f cee8 | fd7f 0000 | 41ff d2f4 | 5b4c 8b6d | c04c 8b75 | c84c 8bc1 
  0x0000022226979440: e805 0000 | 00e9 9800 | 0000 488d | 4424 084c | 896d c049 | 8bcf c5f8 | 7749 89af | a802 0000 
  0x0000022226979460: 4989 8798 | 0200 0048 | 83ec 20f7 | c40f 0000 | 000f 841a | 0000 0048 | 83ec 0849 | ba00 74ab 
  0x0000022226979480: e8fd 7f00 | 0041 ffd2 | 4883 c408 | e90d 0000 | 0049 ba00 | 74ab e8fd | 7f00 0041 | ffd2 4883 
  0x00000222269794a0: c420 49c7 | 8798 0200 | 0000 0000 | 0049 c787 | a802 0000 | 0000 0000 | 49c7 87a0 | 0200 0000 
  0x00000222269794c0: 0000 00c5 | f877 4981 | 7f08 0000 | 0000 0f84 | 0500 0000 | e927 7afe | ff4c 8b6d | c04c 8b75 
  0x00000222269794e0: c8c3 48b9 | 409a 05e9 | fd7f 0000 | 4883 e4f0 | 49ba 602f | cee8 fd7f | 0000 41ff | d2f4 5b4c 
  0x0000022226979500: 8b6d c04c | 8b75 c8e8 | 0500 0000 | e99b 0000 | 004c 8bc0 | 488d 4424 | 084c 896d | c049 8bcf 
  0x0000022226979520: c5f8 7749 | 89af a802 | 0000 4989 | 8798 0200 | 0048 83ec | 20f7 c40f | 0000 000f | 841a 0000 
  0x0000022226979540: 0048 83ec | 0849 ba50 | 7aab e8fd | 7f00 0041 | ffd2 4883 | c408 e90d | 0000 0049 | ba50 7aab 
  0x0000022226979560: e8fd 7f00 | 0041 ffd2 | 4883 c420 | 49c7 8798 | 0200 0000 | 0000 0049 | c787 a802 | 0000 0000 
  0x0000022226979580: 0000 49c7 | 87a0 0200 | 0000 0000 | 00c5 f877 | 4981 7f08 | 0000 0000 | 0f84 0500 | 0000 e95d 
  0x00000222269795a0: 79fe ff4c | 8b6d c04c | 8b75 c8c3 | 48b9 409a | 05e9 fd7f | 0000 4883 | e4f0 49ba | 602f cee8 
  0x00000222269795c0: fd7f 0000 | 41ff d2f4 | 0000 0000 | 0000 0000 | 0000 0000 | 0000 0000 | 0000 0000 | 0000 0000 
[/MachCode]

---------------  P R O C E S S  ---------------

Threads class SMR info:
_java_thread_list=0x00000222387f9ee0, length=24, elements={
0x0000022231840430, 0x00000222318411c0, 0x0000022231887690, 0x0000022231888510,
0x000002223188b2a0, 0x000002223188e290, 0x000002223189a160, 0x000002223189ab60,
0x00000222311590d0, 0x0000022231a57e80, 0x0000022236349a40, 0x0000022236369990,
0x00000222363be180, 0x0000022236780a70, 0x00000222367cf570, 0x0000022236b4d400,
0x0000022236b4c4d0, 0x0000022238024840, 0x0000022238697e70, 0x0000022238696f40,
0x0000022238693ca0, 0x00000222386992b0, 0x0000022238696a30, 0x0000022238023910
}

Java Threads: ( => current thread )
  0x0000022231840430 JavaThread "Reference Handler" daemon [_thread_blocked, id=13224, stack(0x0000008717600000,0x0000008717700000)]
  0x00000222318411c0 JavaThread "Finalizer" daemon [_thread_blocked, id=11100, stack(0x0000008717700000,0x0000008717800000)]
  0x0000022231887690 JavaThread "Signal Dispatcher" daemon [_thread_blocked, id=10436, stack(0x0000008717800000,0x0000008717900000)]
  0x0000022231888510 JavaThread "Attach Listener" daemon [_thread_blocked, id=11124, stack(0x0000008717900000,0x0000008717a00000)]
  0x000002223188b2a0 JavaThread "Service Thread" daemon [_thread_blocked, id=2332, stack(0x0000008717a00000,0x0000008717b00000)]
  0x000002223188e290 JavaThread "Monitor Deflation Thread" daemon [_thread_blocked, id=4132, stack(0x0000008717b00000,0x0000008717c00000)]
  0x000002223189a160 JavaThread "C1 CompilerThread0" daemon [_thread_blocked, id=9320, stack(0x0000008717c00000,0x0000008717d00000)]
  0x000002223189ab60 JavaThread "Sweeper thread" daemon [_thread_blocked, id=10548, stack(0x0000008717d00000,0x0000008717e00000)]
  0x00000222311590d0 JavaThread "Common-Cleaner" daemon [_thread_blocked, id=11552, stack(0x0000008717e00000,0x0000008717f00000)]
  0x0000022231a57e80 JavaThread "Notification Thread" daemon [_thread_blocked, id=9848, stack(0x0000008718000000,0x0000008718100000)]
  0x0000022236349a40 JavaThread "RMI TCP Accept-0" daemon [_thread_in_native, id=12852, stack(0x0000008718200000,0x0000008718300000)]
  0x0000022236369990 JavaThread "RMI TCP Accept-51539" daemon [_thread_in_native, id=7564, stack(0x0000008718300000,0x0000008718400000)]
  0x00000222363be180 JavaThread "RMI TCP Accept-0" daemon [_thread_in_native, id=2208, stack(0x0000008718400000,0x0000008718500000)]
  0x0000022236780a70 JavaThread "RMI Scheduler(0)" daemon [_thread_blocked, id=8084, stack(0x0000008718700000,0x0000008718800000)]
  0x00000222367cf570 JavaThread "RMI TCP Connection(idle)" daemon [_thread_blocked, id=5752, stack(0x0000008718800000,0x0000008718900000)]
  0x0000022236b4d400 JavaThread "JMX server connection timeout 22" daemon [_thread_blocked, id=2848, stack(0x0000008718900000,0x0000008718a00000)]
  0x0000022236b4c4d0 JavaThread "mysql-cj-abandoned-connection-cleanup" daemon [_thread_blocked, id=13372, stack(0x0000008719900000,0x0000008719a00000)]
  0x0000022238024840 JavaThread "Live Reload Server" daemon [_thread_in_native, id=9828, stack(0x0000008719f00000,0x000000871a000000)]
  0x0000022238697e70 JavaThread "DestroyJavaVM" [_thread_blocked, id=2948, stack(0x0000008716f00000,0x0000008717000000)]
  0x0000022238696f40 JavaThread "RMI TCP Connection(idle)" daemon [_thread_blocked, id=13648, stack(0x000000871af00000,0x000000871b000000)]
  0x0000022238693ca0 JavaThread "Catalina-utility-1" [_thread_blocked, id=8580, stack(0x0000008719400000,0x0000008719500000)]
  0x00000222386992b0 JavaThread "Catalina-utility-2" [_thread_blocked, id=13776, stack(0x0000008719700000,0x0000008719800000)]
  0x0000022238696a30 JavaThread "container-0" [_thread_blocked, id=12476, stack(0x0000008719800000,0x0000008719900000)]
=>0x0000022238023910 JavaThread "Thread-7" [_thread_in_Java, id=13576, stack(0x0000008716c00000,0x0000008716d00000)]

Other Threads:
  0x00000222311ae9e0 VMThread "VM Thread" [stack: 0x0000008717500000,0x0000008717600000] [id=10200]
  0x0000022236349f20 WatcherThread [stack: 0x0000008718500000,0x0000008718600000] [id=14148]
  0x0000022221b30ee0 GCTaskThread "GC Thread#0" [stack: 0x0000008717000000,0x0000008717100000] [id=1528]
  0x0000022236b60d10 GCTaskThread "GC Thread#1" [stack: 0x0000008718a00000,0x0000008718b00000] [id=13680]
  0x0000022236b64820 GCTaskThread "GC Thread#2" [stack: 0x0000008718b00000,0x0000008718c00000] [id=13308]
  0x0000022236bba820 GCTaskThread "GC Thread#3" [stack: 0x0000008718c00000,0x0000008718d00000] [id=12892]
  0x0000022236bbaae0 GCTaskThread "GC Thread#4" [stack: 0x0000008718d00000,0x0000008718e00000] [id=628]
  0x0000022236bbada0 GCTaskThread "GC Thread#5" [stack: 0x0000008718e00000,0x0000008718f00000] [id=3920]
  0x0000022236bbb060 GCTaskThread "GC Thread#6" [stack: 0x0000008718f00000,0x0000008719000000] [id=6284]
  0x0000022236d36d00 GCTaskThread "GC Thread#7" [stack: 0x0000008719500000,0x0000008719600000] [id=4752]
  0x0000022221b41970 ConcurrentGCThread "G1 Main Marker" [stack: 0x0000008717100000,0x0000008717200000] [id=4624]
  0x0000022221b42b30 ConcurrentGCThread "G1 Conc#0" [stack: 0x0000008717200000,0x0000008717300000] [id=11516]
  0x0000022236e322b0 ConcurrentGCThread "G1 Conc#1" [stack: 0x0000008719600000,0x0000008719700000] [id=2004]
  0x0000022221b7e970 ConcurrentGCThread "G1 Refine#0" [stack: 0x0000008717300000,0x0000008717400000] [id=3596]
  0x0000022231be1dc0 ConcurrentGCThread "G1 Refine#1" [stack: 0x0000008719000000,0x0000008719100000] [id=10460]
  0x0000022231024610 ConcurrentGCThread "G1 Service" [stack: 0x0000008717400000,0x0000008717500000] [id=9064]

Threads with active compile tasks:

VM state: not at safepoint (normal execution)

VM Mutex/Monitor currently owned by a thread: None

Heap address: 0x0000000082600000, size: 2010 MB, Compressed Oops mode: 32-bit

CDS archive(s) not mapped
Compressed class space mapped at: 0x0000000100000000-0x0000000140000000, reserved size: 1073741824
Narrow klass base: 0x0000000000000000, Narrow klass shift: 3, Narrow klass range: 0x140000000

GC Precious Log:
 CPUs: 8 total, 8 available
 Memory: 8035M
 Large Page Support: Disabled
 NUMA Support: Disabled
 Compressed Oops: Enabled (32-bit)
 Heap Region Size: 1M
 Heap Min Capacity: 8M
 Heap Initial Capacity: 126M
 Heap Max Capacity: 2010M
 Pre-touch: Disabled
 Parallel Workers: 8
 Concurrent Workers: 2
 Concurrent Refinement Workers: 8
 Periodic GC: Disabled

Heap:
 garbage-first heap   total 63488K, used 43445K [0x0000000082600000, 0x0000000100000000)
  region size 1024K, 16 young (16384K), 2 survivors (2048K)
 Metaspace       used 74811K, committed 75456K, reserved 1114112K
  class space    used 10206K, committed 10496K, reserved 1048576K

Heap Regions: E=young(eden), S=young(survivor), O=old, HS=humongous(starts), HC=humongous(continues), CS=collection set, F=free, OA=open archive, CA=closed archive, TAMS=top-at-mark-start (previous, next)
|   0|0x0000000082600000, 0x0000000082700000, 0x0000000082700000|100%|HS|  |TAMS 0x0000000082700000, 0x0000000082600000| Complete 
|   1|0x0000000082700000, 0x0000000082800000, 0x0000000082800000|100%| O|  |TAMS 0x0000000082800000, 0x0000000082700000| Untracked 
|   2|0x0000000082800000, 0x0000000082900000, 0x0000000082900000|100%| O|  |TAMS 0x0000000082900000, 0x0000000082800000| Untracked 
|   3|0x0000000082900000, 0x0000000082a00000, 0x0000000082a00000|100%| O|  |TAMS 0x0000000082a00000, 0x0000000082900000| Untracked 
|   4|0x0000000082a00000, 0x0000000082b00000, 0x0000000082b00000|100%| O|  |TAMS 0x0000000082b00000, 0x0000000082a00000| Untracked 
|   5|0x0000000082b00000, 0x0000000082c00000, 0x0000000082c00000|100%| O|  |TAMS 0x0000000082c00000, 0x0000000082b00000| Untracked 
|   6|0x0000000082c00000, 0x0000000082cffff0, 0x0000000082d00000| 99%| O|  |TAMS 0x0000000082cffff0, 0x0000000082c00000| Untracked 
|   7|0x0000000082d00000, 0x0000000082e00000, 0x0000000082e00000|100%| O|  |TAMS 0x0000000082e00000, 0x0000000082d00000| Untracked 
|   8|0x0000000082e00000, 0x0000000082effff8, 0x0000000082f00000| 99%| O|  |TAMS 0x0000000082effff8, 0x0000000082e00000| Untracked 
|   9|0x0000000082f00000, 0x0000000082fffff8, 0x0000000083000000| 99%| O|  |TAMS 0x0000000082fffff8, 0x0000000082f00000| Untracked 
|  10|0x0000000083000000, 0x00000000830ffff0, 0x0000000083100000| 99%| O|  |TAMS 0x00000000830ffff0, 0x0000000083000000| Untracked 
|  11|0x0000000083100000, 0x00000000831ffff8, 0x0000000083200000| 99%| O|  |TAMS 0x00000000831ffff8, 0x0000000083100000| Untracked 
|  12|0x0000000083200000, 0x00000000832ffff0, 0x0000000083300000| 99%| O|  |TAMS 0x00000000832ffff0, 0x0000000083200000| Untracked 
|  13|0x0000000083300000, 0x00000000833fffd0, 0x0000000083400000| 99%| O|  |TAMS 0x00000000833fffd0, 0x0000000083300000| Untracked 
|  14|0x0000000083400000, 0x00000000834ffff0, 0x0000000083500000| 99%| O|  |TAMS 0x00000000834ffff0, 0x0000000083400000| Untracked 
|  15|0x0000000083500000, 0x0000000083600000, 0x0000000083600000|100%| O|  |TAMS 0x0000000083600000, 0x0000000083500000| Untracked 
|  16|0x0000000083600000, 0x00000000836fe2d8, 0x0000000083700000| 99%| O|  |TAMS 0x00000000836fe2d8, 0x0000000083600000| Untracked 
|  17|0x0000000083700000, 0x00000000837fffa8, 0x0000000083800000| 99%| O|  |TAMS 0x00000000837fffa8, 0x0000000083700000| Untracked 
|  18|0x0000000083800000, 0x00000000838ffff8, 0x0000000083900000| 99%| O|  |TAMS 0x00000000838ffff8, 0x0000000083800000| Untracked 
|  19|0x0000000083900000, 0x00000000839fffd0, 0x0000000083a00000| 99%| O|  |TAMS 0x00000000839fffd0, 0x0000000083900000| Untracked 
|  20|0x0000000083a00000, 0x0000000083afffe8, 0x0000000083b00000| 99%| O|  |TAMS 0x0000000083afffe8, 0x0000000083a00000| Untracked 
|  21|0x0000000083b00000, 0x0000000083bf0838, 0x0000000083c00000| 93%| O|  |TAMS 0x0000000083bf0838, 0x0000000083b00000| Untracked 
|  22|0x0000000083c00000, 0x0000000083cfffa8, 0x0000000083d00000| 99%| O|  |TAMS 0x0000000083cfffa8, 0x0000000083c00000| Untracked 
|  23|0x0000000083d00000, 0x0000000083d15df0, 0x0000000083e00000|  8%| O|  |TAMS 0x0000000083d15df0, 0x0000000083d00000| Untracked 
|  24|0x0000000083e00000, 0x0000000083ea7978, 0x0000000083f00000| 65%| O|  |TAMS 0x0000000083ea7978, 0x0000000083e00000| Untracked 
|  25|0x0000000083f00000, 0x0000000083f6cf78, 0x0000000084000000| 42%| O|  |TAMS 0x0000000083f6cf78, 0x0000000083f00000| Untracked 
|  26|0x0000000084000000, 0x0000000084061320, 0x0000000084100000| 37%| O|  |TAMS 0x0000000084061320, 0x0000000084000000| Untracked 
|  27|0x0000000084100000, 0x0000000084200000, 0x0000000084200000|100%| O|  |TAMS 0x0000000084200000, 0x0000000084100000| Untracked 
|  28|0x0000000084200000, 0x0000000084300000, 0x0000000084300000|100%| O|  |TAMS 0x00000000842a5c00, 0x0000000084200000| Untracked 
|  29|0x0000000084300000, 0x0000000084400000, 0x0000000084400000|100%| O|  |TAMS 0x0000000084300000, 0x0000000084300000| Untracked 
|  30|0x0000000084400000, 0x0000000084433800, 0x0000000084500000| 20%| O|  |TAMS 0x0000000084400000, 0x0000000084400000| Untracked 
|  31|0x0000000084500000, 0x0000000084500000, 0x0000000084600000|  0%| F|  |TAMS 0x0000000084500000, 0x0000000084500000| Untracked 
|  32|0x0000000084600000, 0x0000000084600000, 0x0000000084700000|  0%| F|  |TAMS 0x0000000084600000, 0x0000000084600000| Untracked 
|  33|0x0000000084700000, 0x0000000084700000, 0x0000000084800000|  0%| F|  |TAMS 0x0000000084700000, 0x0000000084700000| Untracked 
|  34|0x0000000084800000, 0x0000000084800000, 0x0000000084900000|  0%| F|  |TAMS 0x0000000084800000, 0x0000000084800000| Untracked 
|  35|0x0000000084900000, 0x0000000084900000, 0x0000000084a00000|  0%| F|  |TAMS 0x0000000084900000, 0x0000000084900000| Untracked 
|  36|0x0000000084a00000, 0x0000000084a00000, 0x0000000084b00000|  0%| F|  |TAMS 0x0000000084a00000, 0x0000000084a00000| Untracked 
|  37|0x0000000084b00000, 0x0000000084b00000, 0x0000000084c00000|  0%| F|  |TAMS 0x0000000084b00000, 0x0000000084b00000| Untracked 
|  38|0x0000000084c00000, 0x0000000084c00000, 0x0000000084d00000|  0%| F|  |TAMS 0x0000000084c00000, 0x0000000084c00000| Untracked 
|  39|0x0000000084d00000, 0x0000000084d00000, 0x0000000084e00000|  0%| F|  |TAMS 0x0000000084d00000, 0x0000000084d00000| Untracked 
|  40|0x0000000084e00000, 0x0000000084ebfb10, 0x0000000084f00000| 74%| S|CS|TAMS 0x0000000084e00000, 0x0000000084e00000| Complete 
|  41|0x0000000084f00000, 0x0000000085000000, 0x0000000085000000|100%| S|CS|TAMS 0x0000000084f00000, 0x0000000084f00000| Complete 
|  42|0x0000000085000000, 0x0000000085000000, 0x0000000085100000|  0%| F|  |TAMS 0x0000000085000000, 0x0000000085000000| Untracked 
|  43|0x0000000085100000, 0x0000000085100000, 0x0000000085200000|  0%| F|  |TAMS 0x0000000085100000, 0x0000000085100000| Untracked 
|  44|0x0000000085200000, 0x0000000085200000, 0x0000000085300000|  0%| F|  |TAMS 0x0000000085200000, 0x0000000085200000| Untracked 
|  45|0x0000000085300000, 0x0000000085300000, 0x0000000085400000|  0%| F|  |TAMS 0x0000000085300000, 0x0000000085300000| Untracked 
|  46|0x0000000085400000, 0x0000000085400000, 0x0000000085500000|  0%| F|  |TAMS 0x0000000085400000, 0x0000000085400000| Untracked 
|  47|0x0000000085500000, 0x0000000085500000, 0x0000000085600000|  0%| F|  |TAMS 0x0000000085500000, 0x0000000085500000| Untracked 
|  48|0x0000000085600000, 0x00000000856eb418, 0x0000000085700000| 91%| E|  |TAMS 0x0000000085600000, 0x0000000085600000| Complete 
|  49|0x0000000085700000, 0x0000000085800000, 0x0000000085800000|100%| E|CS|TAMS 0x0000000085700000, 0x0000000085700000| Complete 
|  50|0x0000000085800000, 0x0000000085900000, 0x0000000085900000|100%| E|CS|TAMS 0x0000000085800000, 0x0000000085800000| Complete 
|  51|0x0000000085900000, 0x0000000085a00000, 0x0000000085a00000|100%| E|CS|TAMS 0x0000000085900000, 0x0000000085900000| Complete 
|  52|0x0000000085a00000, 0x0000000085b00000, 0x0000000085b00000|100%| E|CS|TAMS 0x0000000085a00000, 0x0000000085a00000| Complete 
|  53|0x0000000085b00000, 0x0000000085c00000, 0x0000000085c00000|100%| E|CS|TAMS 0x0000000085b00000, 0x0000000085b00000| Complete 
|  54|0x0000000085c00000, 0x0000000085d00000, 0x0000000085d00000|100%| E|CS|TAMS 0x0000000085c00000, 0x0000000085c00000| Complete 
|  55|0x0000000085d00000, 0x0000000085e00000, 0x0000000085e00000|100%| E|CS|TAMS 0x0000000085d00000, 0x0000000085d00000| Complete 
|  56|0x0000000085e00000, 0x0000000085f00000, 0x0000000085f00000|100%| E|CS|TAMS 0x0000000085e00000, 0x0000000085e00000| Complete 
|  57|0x0000000085f00000, 0x0000000086000000, 0x0000000086000000|100%| E|CS|TAMS 0x0000000085f00000, 0x0000000085f00000| Complete 
|  58|0x0000000086000000, 0x0000000086100000, 0x0000000086100000|100%| E|CS|TAMS 0x0000000086000000, 0x0000000086000000| Complete 
|  62|0x0000000086400000, 0x0000000086500000, 0x0000000086500000|100%| E|CS|TAMS 0x0000000086400000, 0x0000000086400000| Complete 
|  63|0x0000000086500000, 0x0000000086600000, 0x0000000086600000|100%| E|CS|TAMS 0x0000000086500000, 0x0000000086500000| Complete 
| 125|0x000000008a300000, 0x000000008a400000, 0x000000008a400000|100%| E|CS|TAMS 0x000000008a300000, 0x000000008a300000| Complete 

Card table byte_map: [0x000002222a640000,0x000002222aa30000] _byte_map_base: 0x000002222a22d000

Marking Bits (Prev, Next): (CMBitMap*) 0x0000022221b31500, (CMBitMap*) 0x0000022221b31540
 Prev Bits: [0x000002222ae20000, 0x000002222cd88000)
 Next Bits: [0x000002222cd90000, 0x000002222ecf8000)

Polling page: 0x0000022226940000

Metaspace:

Usage:
  Non-class:     63.09 MB used.
      Class:      9.97 MB used.
       Both:     73.06 MB used.

Virtual space:
  Non-class space:       64.00 MB reserved,      63.44 MB (>99%) committed,  1 nodes.
      Class space:        1.00 GB reserved,      10.25 MB (  1%) committed,  1 nodes.
             Both:        1.06 GB reserved,      73.69 MB (  7%) committed. 

Chunk freelists:
   Non-Class:  520.00 KB
       Class:  5.64 MB
        Both:  6.15 MB

MaxMetaspaceSize: unlimited
CompressedClassSpaceSize: 1.00 GB
Initial GC threshold: 21.00 MB
Current GC threshold: 122.75 MB
CDS: off
MetaspaceReclaimPolicy: balanced
 - commit_granule_bytes: 65536.
 - commit_granule_words: 8192.
 - virtual_space_node_default_size: 8388608.
 - enlarge_chunks_in_place: 1.
 - new_chunks_are_fully_committed: 0.
 - uncommit_free_chunks: 1.
 - use_allocation_guard: 0.
 - handle_deallocations: 1.


Internal statistics:

num_allocs_failed_limit: 12.
num_arena_births: 850.
num_arena_deaths: 0.
num_vsnodes_births: 2.
num_vsnodes_deaths: 0.
num_space_committed: 1179.
num_space_uncommitted: 0.
num_chunks_returned_to_freelist: 12.
num_chunks_taken_from_freelist: 3225.
num_chunk_merges: 12.
num_chunk_splits: 2285.
num_chunks_enlarged: 1725.
num_inconsistent_stats: 0.

CodeCache: size=49152Kb used=11836Kb max_used=13423Kb free=37315Kb
 bounds [0x0000022226960000, 0x0000022227680000, 0x0000022229960000]
 total_blobs=7303 nmethods=6620 adapters=609
 compilation: enabled
              stopped_count=0, restarted_count=0
 full_count=0

Compilation events (20 events):
Event: 141.435 Thread 0x000002223189a160 6610       1       org.springframework.boot.devtools.filewatch.FileSystemWatcher$Watcher::isDifferent (105 bytes)
Event: 141.436 Thread 0x000002223189a160 nmethod 6610 0x0000022226afaf10 code [0x0000022226afb160, 0x0000022226afb548]
Event: 141.437 Thread 0x000002223189a160 6611       1       org.springframework.boot.devtools.filewatch.DirectorySnapshot::equals (46 bytes)
Event: 141.438 Thread 0x000002223189a160 nmethod 6611 0x0000022226afa910 code [0x0000022226afaae0, 0x0000022226afad58]
Event: 141.438 Thread 0x000002223189a160 6612       1       java.util.Collections$UnmodifiableSet::equals (24 bytes)
Event: 141.438 Thread 0x000002223189a160 nmethod 6612 0x0000022226afa610 code [0x0000022226afa7a0, 0x0000022226afa8a8]
Event: 142.925 Thread 0x000002223189a160 6613       1       java.net.InetSocketAddress$InetSocketAddressHolder::getPort (5 bytes)
Event: 142.925 Thread 0x000002223189a160 nmethod 6613 0x0000022226afa310 code [0x0000022226afa4a0, 0x0000022226afa578]
Event: 142.927 Thread 0x000002223189a160 6614       1       java.lang.Thread::checkAccess (14 bytes)
Event: 142.928 Thread 0x000002223189a160 nmethod 6614 0x0000022226af9b90 code [0x0000022226af9d20, 0x0000022226af9e48]
Event: 142.934 Thread 0x000002223189a160 6616       1       com.mysql.cj.conf.AbstractPropertyDefinition::getLowerBound (5 bytes)
Event: 142.935 Thread 0x000002223189a160 nmethod 6616 0x0000022226af9890 code [0x0000022226af9a20, 0x0000022226af9af8]
Event: 142.935 Thread 0x000002223189a160 6617       1       com.mysql.cj.conf.AbstractPropertyDefinition::getUpperBound (5 bytes)
Event: 142.935 Thread 0x000002223189a160 nmethod 6617 0x0000022226af9590 code [0x0000022226af9720, 0x0000022226af97f8]
Event: 142.938 Thread 0x000002223189a160 6618       1       java.lang.Throwable::getMessage (5 bytes)
Event: 142.938 Thread 0x000002223189a160 nmethod 6618 0x0000022226af9290 code [0x0000022226af9420, 0x0000022226af94f8]
Event: 142.940 Thread 0x000002223189a160 6619       1       com.mysql.cj.protocol.AbstractSocketConnection::getMysqlSocket (5 bytes)
Event: 142.940 Thread 0x000002223189a160 nmethod 6619 0x0000022226af8f90 code [0x0000022226af9120, 0x0000022226af91f8]
Event: 142.942 Thread 0x000002223189a160 6620       1       java.net.StandardSocketOptions$StdSocketOption::type (5 bytes)
Event: 142.942 Thread 0x000002223189a160 nmethod 6620 0x0000022226af8c90 code [0x0000022226af8e20, 0x0000022226af8ef8]

GC Heap History (20 events):
Event: 5.731 GC heap before
{Heap before GC invocations=11 (full 0):
 garbage-first heap   total 61440K, used 44829K [0x0000000082600000, 0x0000000100000000)
  region size 1024K, 30 young (30720K), 4 survivors (4096K)
 Metaspace       used 47430K, committed 47936K, reserved 1114112K
  class space    used 6224K, committed 6464K, reserved 1048576K
}
Event: 5.739 GC heap after
{Heap after GC invocations=12 (full 0):
 garbage-first heap   total 61440K, used 20975K [0x0000000082600000, 0x0000000100000000)
  region size 1024K, 2 young (2048K), 2 survivors (2048K)
 Metaspace       used 47430K, committed 47936K, reserved 1114112K
  class space    used 6224K, committed 6464K, reserved 1048576K
}
Event: 6.848 GC heap before
{Heap before GC invocations=12 (full 0):
 garbage-first heap   total 61440K, used 46575K [0x0000000082600000, 0x0000000100000000)
  region size 1024K, 28 young (28672K), 2 survivors (2048K)
 Metaspace       used 56351K, committed 56832K, reserved 1114112K
  class space    used 7399K, committed 7616K, reserved 1048576K
}
Event: 6.853 GC heap after
{Heap after GC invocations=13 (full 0):
 garbage-first heap   total 61440K, used 23181K [0x0000000082600000, 0x0000000100000000)
  region size 1024K, 4 young (4096K), 4 survivors (4096K)
 Metaspace       used 56351K, committed 56832K, reserved 1114112K
  class space    used 7399K, committed 7616K, reserved 1048576K
}
Event: 7.105 GC heap before
{Heap before GC invocations=13 (full 0):
 garbage-first heap   total 61440K, used 33421K [0x0000000082600000, 0x0000000100000000)
  region size 1024K, 16 young (16384K), 4 survivors (4096K)
 Metaspace       used 59846K, committed 60288K, reserved 1114112K
  class space    used 7855K, committed 8064K, reserved 1048576K
}
Event: 7.111 GC heap after
{Heap after GC invocations=14 (full 0):
 garbage-first heap   total 61440K, used 23841K [0x0000000082600000, 0x0000000100000000)
  region size 1024K, 1 young (1024K), 1 survivors (1024K)
 Metaspace       used 59846K, committed 60288K, reserved 1114112K
  class space    used 7855K, committed 8064K, reserved 1048576K
}
Event: 7.734 GC heap before
{Heap before GC invocations=15 (full 0):
 garbage-first heap   total 61440K, used 48417K [0x0000000082600000, 0x0000000100000000)
  region size 1024K, 25 young (25600K), 1 survivors (1024K)
 Metaspace       used 66192K, committed 66688K, reserved 1114112K
  class space    used 9009K, committed 9216K, reserved 1048576K
}
Event: 7.738 GC heap after
{Heap after GC invocations=16 (full 0):
 garbage-first heap   total 61440K, used 24510K [0x0000000082600000, 0x0000000100000000)
  region size 1024K, 2 young (2048K), 2 survivors (2048K)
 Metaspace       used 66192K, committed 66688K, reserved 1114112K
  class space    used 9009K, committed 9216K, reserved 1048576K
}
Event: 8.531 GC heap before
{Heap before GC invocations=17 (full 0):
 garbage-first heap   total 61440K, used 49086K [0x0000000082600000, 0x0000000100000000)
  region size 1024K, 26 young (26624K), 2 survivors (2048K)
 Metaspace       used 68843K, committed 69376K, reserved 1114112K
  class space    used 9413K, committed 9664K, reserved 1048576K
}
Event: 8.537 GC heap after
{Heap after GC invocations=18 (full 0):
 garbage-first heap   total 61440K, used 26930K [0x0000000082600000, 0x0000000100000000)
  region size 1024K, 4 young (4096K), 4 survivors (4096K)
 Metaspace       used 68843K, committed 69376K, reserved 1114112K
  class space    used 9413K, committed 9664K, reserved 1048576K
}
Event: 9.018 GC heap before
{Heap before GC invocations=18 (full 0):
 garbage-first heap   total 61440K, used 49458K [0x0000000082600000, 0x0000000100000000)
  region size 1024K, 26 young (26624K), 4 survivors (4096K)
 Metaspace       used 71672K, committed 72192K, reserved 1114112K
  class space    used 9782K, committed 10048K, reserved 1048576K
}
Event: 9.025 GC heap after
{Heap after GC invocations=19 (full 0):
 garbage-first heap   total 61440K, used 28956K [0x0000000082600000, 0x0000000100000000)
  region size 1024K, 3 young (3072K), 3 survivors (3072K)
 Metaspace       used 71672K, committed 72192K, reserved 1114112K
  class space    used 9782K, committed 10048K, reserved 1048576K
}
Event: 66.520 GC heap before
{Heap before GC invocations=19 (full 0):
 garbage-first heap   total 61440K, used 45340K [0x0000000082600000, 0x0000000100000000)
  region size 1024K, 21 young (21504K), 3 survivors (3072K)
 Metaspace       used 74519K, committed 75072K, reserved 1114112K
  class space    used 10165K, committed 10432K, reserved 1048576K
}
Event: 66.581 GC heap after
{Heap after GC invocations=20 (full 1):
 garbage-first heap   total 61440K, used 25064K [0x0000000082600000, 0x0000000100000000)
  region size 1024K, 0 young (0K), 0 survivors (0K)
 Metaspace       used 74519K, committed 75072K, reserved 1114112K
  class space    used 10165K, committed 10432K, reserved 1048576K
}
Event: 67.019 GC heap before
{Heap before GC invocations=20 (full 1):
 garbage-first heap   total 61440K, used 47592K [0x0000000082600000, 0x0000000100000000)
  region size 1024K, 22 young (22528K), 0 survivors (0K)
 Metaspace       used 74529K, committed 75072K, reserved 1114112K
  class space    used 10169K, committed 10432K, reserved 1048576K
}
Event: 67.022 GC heap after
{Heap after GC invocations=21 (full 1):
 garbage-first heap   total 61440K, used 27058K [0x0000000082600000, 0x0000000100000000)
  region size 1024K, 2 young (2048K), 2 survivors (2048K)
 Metaspace       used 74529K, committed 75072K, reserved 1114112K
  class space    used 10169K, committed 10432K, reserved 1048576K
}
Event: 67.413 GC heap before
{Heap before GC invocations=21 (full 1):
 garbage-first heap   total 61440K, used 47538K [0x0000000082600000, 0x0000000100000000)
  region size 1024K, 22 young (22528K), 2 survivors (2048K)
 Metaspace       used 74598K, committed 75264K, reserved 1114112K
  class space    used 10181K, committed 10496K, reserved 1048576K
}
Event: 67.419 GC heap after
{Heap after GC invocations=22 (full 1):
 garbage-first heap   total 61440K, used 28564K [0x0000000082600000, 0x0000000100000000)
  region size 1024K, 2 young (2048K), 2 survivors (2048K)
 Metaspace       used 74598K, committed 75264K, reserved 1114112K
  class space    used 10181K, committed 10496K, reserved 1048576K
}
Event: 67.626 GC heap before
{Heap before GC invocations=22 (full 1):
 garbage-first heap   total 61440K, used 45972K [0x0000000082600000, 0x0000000100000000)
  region size 1024K, 20 young (20480K), 2 survivors (2048K)
 Metaspace       used 74704K, committed 75392K, reserved 1114112K
  class space    used 10188K, committed 10496K, reserved 1048576K
}
Event: 67.632 GC heap after
{Heap after GC invocations=23 (full 1):
 garbage-first heap   total 61440K, used 30133K [0x0000000082600000, 0x0000000100000000)
  region size 1024K, 2 young (2048K), 2 survivors (2048K)
 Metaspace       used 74704K, committed 75392K, reserved 1114112K
  class space    used 10188K, committed 10496K, reserved 1048576K
}

Dll operation events (9 events):
Event: 0.028 Loaded shared library C:\Users\HP\Downloads\sts-4.21.0.RELEASE\plugins\org.eclipse.justj.openjdk.hotspot.jre.full.win32.x86_64_17.0.9.v20231028-0858\jre\bin\java.dll
Event: 0.325 Loaded shared library C:\Users\HP\Downloads\sts-4.21.0.RELEASE\plugins\org.eclipse.justj.openjdk.hotspot.jre.full.win32.x86_64_17.0.9.v20231028-0858\jre\bin\jimage.dll
Event: 0.360 Loaded shared library C:\Users\HP\Downloads\sts-4.21.0.RELEASE\plugins\org.eclipse.justj.openjdk.hotspot.jre.full.win32.x86_64_17.0.9.v20231028-0858\jre\bin\net.dll
Event: 0.363 Loaded shared library C:\Users\HP\Downloads\sts-4.21.0.RELEASE\plugins\org.eclipse.justj.openjdk.hotspot.jre.full.win32.x86_64_17.0.9.v20231028-0858\jre\bin\nio.dll
Event: 0.372 Loaded shared library C:\Users\HP\Downloads\sts-4.21.0.RELEASE\plugins\org.eclipse.justj.openjdk.hotspot.jre.full.win32.x86_64_17.0.9.v20231028-0858\jre\bin\zip.dll
Event: 0.446 Loaded shared library C:\Users\HP\Downloads\sts-4.21.0.RELEASE\plugins\org.eclipse.justj.openjdk.hotspot.jre.full.win32.x86_64_17.0.9.v20231028-0858\jre\bin\management.dll
Event: 0.464 Loaded shared library C:\Users\HP\Downloads\sts-4.21.0.RELEASE\plugins\org.eclipse.justj.openjdk.hotspot.jre.full.win32.x86_64_17.0.9.v20231028-0858\jre\bin\management_ext.dll
Event: 3.031 Loaded shared library C:\Users\HP\Downloads\sts-4.21.0.RELEASE\plugins\org.eclipse.justj.openjdk.hotspot.jre.full.win32.x86_64_17.0.9.v20231028-0858\jre\bin\sunmscapi.dll
Event: 5.323 Loaded shared library C:\Users\HP\Downloads\sts-4.21.0.RELEASE\plugins\org.eclipse.justj.openjdk.hotspot.jre.full.win32.x86_64_17.0.9.v20231028-0858\jre\bin\verify.dll

Deoptimization events (12 events):
Event: 2.232 Thread 0x0000022236b4b5a0 DEOPT PACKING pc=0x0000022226f0b119 sp=0x00000087192fc740
Event: 2.232 Thread 0x0000022236b4b5a0 DEOPT UNPACKING pc=0x00000222269b7143 sp=0x00000087192fbc20 mode 3
Event: 2.817 Thread 0x0000022236b4b5a0 DEOPT PACKING pc=0x0000022226fb4f55 sp=0x00000087192fd620
Event: 2.817 Thread 0x0000022236b4b5a0 DEOPT UNPACKING pc=0x00000222269b7143 sp=0x00000087192fcac8 mode 3
Event: 4.785 Thread 0x0000022236b4b5a0 DEOPT PACKING pc=0x00000222271b1dfd sp=0x00000087192fbb30
Event: 4.785 Thread 0x0000022236b4b5a0 DEOPT UNPACKING pc=0x00000222269b7143 sp=0x00000087192fb098 mode 3
Event: 8.390 Thread 0x0000022236b4b5a0 DEOPT PACKING pc=0x0000022226f60fc2 sp=0x00000087192fbd60
Event: 8.390 Thread 0x0000022236b4b5a0 DEOPT UNPACKING pc=0x00000222269b7143 sp=0x00000087192fb268 mode 3
Event: 8.390 Thread 0x0000022236b4b5a0 DEOPT PACKING pc=0x0000022226f5e035 sp=0x00000087192fbd20
Event: 8.390 Thread 0x0000022236b4b5a0 DEOPT UNPACKING pc=0x00000222269b7143 sp=0x00000087192fb268 mode 3
Event: 8.762 Thread 0x0000022236b4b5a0 DEOPT PACKING pc=0x0000022226f1cd94 sp=0x00000087192fcf90
Event: 8.762 Thread 0x0000022236b4b5a0 DEOPT UNPACKING pc=0x00000222269b7143 sp=0x00000087192fc4e8 mode 0

Classes unloaded (0 events):
No events

Classes redefined (0 events):
No events

Internal exceptions (20 events):
Event: 67.760 Thread 0x0000022238696f40 Exception <a 'java/lang/NoSuchMethodError'{0x0000000085c80cc8}: static [B.<clinit>()V> (0x0000000085c80cc8) 
thrown [s\src\hotspot\share\prims\jni.cpp, line 1107]
Event: 67.760 Thread 0x00000222367cf570 Exception <a 'java/lang/NoSuchMethodError'{0x0000000085c88568}: static [B.<clinit>()V> (0x0000000085c88568) 
thrown [s\src\hotspot\share\prims\jni.cpp, line 1107]
Event: 142.934 Thread 0x0000022238023e20 Exception <a 'java/io/IOException'{0x00000000856c9ad0}> (0x00000000856c9ad0) 
thrown [s\src\hotspot\share\prims\jni.cpp, line 516]
Event: 142.935 Thread 0x0000022238023e20 Exception <a 'java/io/IOException'{0x00000000856cc358}> (0x00000000856cc358) 
thrown [s\src\hotspot\share\prims\jni.cpp, line 516]
Event: 142.935 Thread 0x0000022238023e20 Exception <a 'java/io/IOException'{0x00000000856cce98}> (0x00000000856cce98) 
thrown [s\src\hotspot\share\prims\jni.cpp, line 516]
Event: 142.936 Thread 0x0000022238023e20 Exception <a 'java/io/IOException'{0x00000000856cfc48}> (0x00000000856cfc48) 
thrown [s\src\hotspot\share\prims\jni.cpp, line 516]
Event: 142.937 Thread 0x0000022238023e20 Exception <a 'java/io/IOException'{0x00000000856d24d0}> (0x00000000856d24d0) 
thrown [s\src\hotspot\share\prims\jni.cpp, line 516]
Event: 142.937 Thread 0x0000022238023e20 Exception <a 'java/io/IOException'{0x00000000856d3010}> (0x00000000856d3010) 
thrown [s\src\hotspot\share\prims\jni.cpp, line 516]
Event: 142.938 Thread 0x0000022238023e20 Exception <a 'java/io/IOException'{0x00000000856d58c8}> (0x00000000856d58c8) 
thrown [s\src\hotspot\share\prims\jni.cpp, line 516]
Event: 142.938 Thread 0x0000022238023e20 Exception <a 'java/io/IOException'{0x00000000856d6408}> (0x00000000856d6408) 
thrown [s\src\hotspot\share\prims\jni.cpp, line 516]
Event: 142.939 Thread 0x0000022238023e20 Exception <a 'java/io/IOException'{0x00000000856d8c90}> (0x00000000856d8c90) 
thrown [s\src\hotspot\share\prims\jni.cpp, line 516]
Event: 142.939 Thread 0x0000022238023e20 Exception <a 'java/io/IOException'{0x00000000856d97d0}> (0x00000000856d97d0) 
thrown [s\src\hotspot\share\prims\jni.cpp, line 516]
Event: 142.939 Thread 0x0000022238023e20 Exception <a 'java/io/IOException'{0x00000000856dc058}> (0x00000000856dc058) 
thrown [s\src\hotspot\share\prims\jni.cpp, line 516]
Event: 142.940 Thread 0x0000022238023e20 Exception <a 'java/io/IOException'{0x00000000856dcb98}> (0x00000000856dcb98) 
thrown [s\src\hotspot\share\prims\jni.cpp, line 516]
Event: 142.941 Thread 0x0000022238023e20 Exception <a 'java/io/IOException'{0x00000000856df420}> (0x00000000856df420) 
thrown [s\src\hotspot\share\prims\jni.cpp, line 516]
Event: 142.941 Thread 0x0000022238023e20 Exception <a 'java/io/IOException'{0x00000000856dff90}> (0x00000000856dff90) 
thrown [s\src\hotspot\share\prims\jni.cpp, line 516]
Event: 142.942 Thread 0x0000022238023e20 Exception <a 'java/io/IOException'{0x00000000856e2818}> (0x00000000856e2818) 
thrown [s\src\hotspot\share\prims\jni.cpp, line 516]
Event: 142.942 Thread 0x0000022238023e20 Exception <a 'java/io/IOException'{0x00000000856e3358}> (0x00000000856e3358) 
thrown [s\src\hotspot\share\prims\jni.cpp, line 516]
Event: 142.943 Thread 0x0000022238023e20 Exception <a 'java/io/IOException'{0x00000000856e5be0}> (0x00000000856e5be0) 
thrown [s\src\hotspot\share\prims\jni.cpp, line 516]
Event: 142.943 Thread 0x0000022238023e20 Exception <a 'java/io/IOException'{0x00000000856e6720}> (0x00000000856e6720) 
thrown [s\src\hotspot\share\prims\jni.cpp, line 516]

VM Operations (20 events):
Event: 67.678 Executing VM operation: G1PauseRemark
Event: 67.690 Executing VM operation: G1PauseRemark done
Event: 67.717 Executing VM operation: G1PauseCleanup
Event: 67.718 Executing VM operation: G1PauseCleanup done
Event: 68.728 Executing VM operation: Cleanup
Event: 68.728 Executing VM operation: Cleanup done
Event: 69.742 Executing VM operation: Cleanup
Event: 69.742 Executing VM operation: Cleanup done
Event: 75.778 Executing VM operation: Cleanup
Event: 75.778 Executing VM operation: Cleanup done
Event: 103.964 Executing VM operation: Cleanup
Event: 103.965 Executing VM operation: Cleanup done
Event: 106.989 Executing VM operation: Cleanup
Event: 106.989 Executing VM operation: Cleanup done
Event: 120.185 Executing VM operation: HandshakeAllThreads
Event: 120.185 Executing VM operation: HandshakeAllThreads done
Event: 131.287 Executing VM operation: Cleanup
Event: 131.288 Executing VM operation: Cleanup done
Event: 134.317 Executing VM operation: Cleanup
Event: 134.317 Executing VM operation: Cleanup done

Events (20 events):
Event: 91.167 Thread 0x0000022238696010 Thread exited: 0x0000022238696010
Event: 142.765 Thread 0x0000022238696520 Thread exited: 0x0000022238696520
Event: 142.765 Thread 0x0000022238693280 Thread exited: 0x0000022238693280
Event: 142.894 Thread 0x0000022238023910 Thread added: 0x0000022238023910
Event: 142.895 Thread 0x0000022238698da0 Thread exited: 0x0000022238698da0
Event: 142.926 Thread 0x0000022238021090 Thread exited: 0x0000022238021090
Event: 142.927 Thread 0x00000222380215a0 Thread exited: 0x00000222380215a0
Event: 142.928 Thread 0x0000022238694bd0 Thread exited: 0x0000022238694bd0
Event: 142.928 Thread 0x0000022238023e20 Thread exited: 0x0000022238023e20
Event: 142.928 Thread 0x0000022238695b00 Thread exited: 0x0000022238695b00
Event: 142.928 Thread 0x0000022238691e40 Thread exited: 0x0000022238691e40
Event: 142.928 Thread 0x00000222386950e0 Thread exited: 0x00000222386950e0
Event: 142.928 Thread 0x0000022238693790 Thread exited: 0x0000022238693790
Event: 142.928 Thread 0x0000022238692350 Thread exited: 0x0000022238692350
Event: 142.929 Thread 0x00000222386946c0 Thread exited: 0x00000222386946c0
Event: 142.929 Thread 0x0000022238692860 Thread exited: 0x0000022238692860
Event: 142.929 Thread 0x00000222386941b0 Thread exited: 0x00000222386941b0
Event: 142.933 Thread 0x0000022238023e20 Thread added: 0x0000022238023e20
Event: 142.934 Thread 0x0000022238698380 Thread exited: 0x0000022238698380
Event: 142.943 Thread 0x0000022238023e20 Thread exited: 0x0000022238023e20


Dynamic libraries:
0x00007ff696510000 - 0x00007ff69651e000 	C:\Users\HP\Downloads\sts-4.21.0.RELEASE\plugins\org.eclipse.justj.openjdk.hotspot.jre.full.win32.x86_64_17.0.9.v20231028-0858\jre\bin\javaw.exe
0x00007ffe4c4f0000 - 0x00007ffe4c707000 	C:\Windows\SYSTEM32\ntdll.dll
0x00007ffe4b600000 - 0x00007ffe4b6c4000 	C:\Windows\System32\KERNEL32.DLL
0x00007ffe498d0000 - 0x00007ffe49c76000 	C:\Windows\System32\KERNELBASE.dll
0x00007ffe49dc0000 - 0x00007ffe49ed1000 	C:\Windows\System32\ucrtbase.dll
0x00007ffe31fa0000 - 0x00007ffe31fb7000 	C:\Users\HP\Downloads\sts-4.21.0.RELEASE\plugins\org.eclipse.justj.openjdk.hotspot.jre.full.win32.x86_64_17.0.9.v20231028-0858\jre\bin\jli.dll
0x00007ffe36ef0000 - 0x00007ffe36f0b000 	C:\Users\HP\Downloads\sts-4.21.0.RELEASE\plugins\org.eclipse.justj.openjdk.hotspot.jre.full.win32.x86_64_17.0.9.v20231028-0858\jre\bin\VCRUNTIME140.dll
0x00007ffe4c260000 - 0x00007ffe4c40e000 	C:\Windows\System32\USER32.dll
0x00007ffe4a170000 - 0x00007ffe4a196000 	C:\Windows\System32\win32u.dll
0x00007ffe4bfe0000 - 0x00007ffe4c009000 	C:\Windows\System32\GDI32.dll
0x00007ffe362a0000 - 0x00007ffe36533000 	C:\Windows\WinSxS\amd64_microsoft.windows.common-controls_6595b64144ccf1df_6.0.22621.2506_none_270c5ae97388e100\COMCTL32.dll
0x00007ffe49ee0000 - 0x00007ffe49ff8000 	C:\Windows\System32\gdi32full.dll
0x00007ffe4a700000 - 0x00007ffe4a7a7000 	C:\Windows\System32\msvcrt.dll
0x00007ffe4a1a0000 - 0x00007ffe4a23a000 	C:\Windows\System32\msvcp_win.dll
0x00007ffe4abd0000 - 0x00007ffe4ac01000 	C:\Windows\System32\IMM32.DLL
0x00007ffe34bf0000 - 0x00007ffe34bfc000 	C:\Users\HP\Downloads\sts-4.21.0.RELEASE\plugins\org.eclipse.justj.openjdk.hotspot.jre.full.win32.x86_64_17.0.9.v20231028-0858\jre\bin\vcruntime140_1.dll
0x00007ffe09b10000 - 0x00007ffe09b9d000 	C:\Users\HP\Downloads\sts-4.21.0.RELEASE\plugins\org.eclipse.justj.openjdk.hotspot.jre.full.win32.x86_64_17.0.9.v20231028-0858\jre\bin\msvcp140.dll
0x00007ffde8730000 - 0x00007ffde9391000 	C:\Users\HP\Downloads\sts-4.21.0.RELEASE\plugins\org.eclipse.justj.openjdk.hotspot.jre.full.win32.x86_64_17.0.9.v20231028-0858\jre\bin\server\jvm.dll
0x00007ffe4ab10000 - 0x00007ffe4abc1000 	C:\Windows\System32\ADVAPI32.dll
0x00007ffe4c010000 - 0x00007ffe4c0b5000 	C:\Windows\System32\sechost.dll
0x00007ffe4c0c0000 - 0x00007ffe4c1d7000 	C:\Windows\System32\RPCRT4.dll
0x00007ffe27820000 - 0x00007ffe27829000 	C:\Windows\SYSTEM32\WSOCK32.dll
0x00007ffe48a10000 - 0x00007ffe48a5d000 	C:\Windows\SYSTEM32\POWRPROF.dll
0x00007ffe46390000 - 0x00007ffe463c4000 	C:\Windows\SYSTEM32\WINMM.dll
0x00007ffe3fb80000 - 0x00007ffe3fb8a000 	C:\Windows\SYSTEM32\VERSION.dll
0x00007ffe4b240000 - 0x00007ffe4b2b1000 	C:\Windows\System32\WS2_32.dll
0x00007ffe489f0000 - 0x00007ffe48a03000 	C:\Windows\SYSTEM32\UMPDC.dll
0x00007ffe48890000 - 0x00007ffe488a8000 	C:\Windows\SYSTEM32\kernel.appcore.dll
0x00007ffe36580000 - 0x00007ffe3658a000 	C:\Users\HP\Downloads\sts-4.21.0.RELEASE\plugins\org.eclipse.justj.openjdk.hotspot.jre.full.win32.x86_64_17.0.9.v20231028-0858\jre\bin\jimage.dll
0x00007ffe47140000 - 0x00007ffe47373000 	C:\Windows\SYSTEM32\DBGHELP.DLL
0x00007ffe4a370000 - 0x00007ffe4a6f9000 	C:\Windows\System32\combase.dll
0x00007ffe4a290000 - 0x00007ffe4a367000 	C:\Windows\System32\OLEAUT32.dll
0x00007ffe2c5d0000 - 0x00007ffe2c602000 	C:\Windows\SYSTEM32\dbgcore.DLL
0x00007ffe49c80000 - 0x00007ffe49cfa000 	C:\Windows\System32\bcryptPrimitives.dll
0x00007ffe31b80000 - 0x00007ffe31ba5000 	C:\Users\HP\Downloads\sts-4.21.0.RELEASE\plugins\org.eclipse.justj.openjdk.hotspot.jre.full.win32.x86_64_17.0.9.v20231028-0858\jre\bin\java.dll
0x00007ffe22820000 - 0x00007ffe22838000 	C:\Users\HP\Downloads\sts-4.21.0.RELEASE\plugins\org.eclipse.justj.openjdk.hotspot.jre.full.win32.x86_64_17.0.9.v20231028-0858\jre\bin\zip.dll
0x00007ffe4b780000 - 0x00007ffe4bfda000 	C:\Windows\System32\SHELL32.dll
0x00007ffe47730000 - 0x00007ffe48026000 	C:\Windows\SYSTEM32\windows.storage.dll
0x00007ffe475f0000 - 0x00007ffe4772e000 	C:\Windows\SYSTEM32\wintypes.dll
0x00007ffe4b340000 - 0x00007ffe4b433000 	C:\Windows\System32\SHCORE.dll
0x00007ffe4c1e0000 - 0x00007ffe4c23e000 	C:\Windows\System32\shlwapi.dll
0x00007ffe49790000 - 0x00007ffe497b6000 	C:\Windows\SYSTEM32\profapi.dll
0x00007ffe3ded0000 - 0x00007ffe3dee9000 	C:\Users\HP\Downloads\sts-4.21.0.RELEASE\plugins\org.eclipse.justj.openjdk.hotspot.jre.full.win32.x86_64_17.0.9.v20231028-0858\jre\bin\net.dll
0x00007ffe3dd40000 - 0x00007ffe3de77000 	C:\Windows\SYSTEM32\WINHTTP.dll
0x00007ffe48d80000 - 0x00007ffe48de9000 	C:\Windows\system32\mswsock.dll
0x00007ffe3deb0000 - 0x00007ffe3dec6000 	C:\Users\HP\Downloads\sts-4.21.0.RELEASE\plugins\org.eclipse.justj.openjdk.hotspot.jre.full.win32.x86_64_17.0.9.v20231028-0858\jre\bin\nio.dll
0x00007ffe33110000 - 0x00007ffe33119000 	C:\Users\HP\Downloads\sts-4.21.0.RELEASE\plugins\org.eclipse.justj.openjdk.hotspot.jre.full.win32.x86_64_17.0.9.v20231028-0858\jre\bin\management.dll
0x00007ffe31f60000 - 0x00007ffe31f6b000 	C:\Users\HP\Downloads\sts-4.21.0.RELEASE\plugins\org.eclipse.justj.openjdk.hotspot.jre.full.win32.x86_64_17.0.9.v20231028-0858\jre\bin\management_ext.dll
0x00007ffe4b770000 - 0x00007ffe4b778000 	C:\Windows\System32\PSAPI.DLL
0x00007ffe2e310000 - 0x00007ffe2e327000 	C:\Windows\system32\napinsp.dll
0x00007ffe2e2f0000 - 0x00007ffe2e30b000 	C:\Windows\system32\pnrpnsp.dll
0x00007ffe48300000 - 0x00007ffe483f9000 	C:\Windows\SYSTEM32\DNSAPI.dll
0x00007ffe48290000 - 0x00007ffe482bd000 	C:\Windows\SYSTEM32\IPHLPAPI.DLL
0x00007ffe4b4a0000 - 0x00007ffe4b4a9000 	C:\Windows\System32\NSI.dll
0x00007ffe2e2d0000 - 0x00007ffe2e2e1000 	C:\Windows\System32\winrnr.dll
0x00007ffe2e2b0000 - 0x00007ffe2e2c5000 	C:\Windows\system32\wshbth.dll
0x00007ffe2e280000 - 0x00007ffe2e2a1000 	C:\Windows\system32\nlansp_c.dll
0x00007ffe31f20000 - 0x00007ffe31f2a000 	C:\Windows\System32\rasadhlp.dll
0x00007ffe3c8b0000 - 0x00007ffe3c933000 	C:\Windows\System32\fwpuclnt.dll
0x00007ffe490d0000 - 0x00007ffe490eb000 	C:\Windows\SYSTEM32\CRYPTSP.dll
0x00007ffe487f0000 - 0x00007ffe48825000 	C:\Windows\system32\rsaenh.dll
0x00007ffe48e20000 - 0x00007ffe48e4c000 	C:\Windows\SYSTEM32\USERENV.dll
0x00007ffe49210000 - 0x00007ffe49238000 	C:\Windows\SYSTEM32\bcrypt.dll
0x00007ffe490b0000 - 0x00007ffe490bc000 	C:\Windows\SYSTEM32\CRYPTBASE.dll
0x00007ffe3fb60000 - 0x00007ffe3fb79000 	C:\Windows\SYSTEM32\dhcpcsvc6.DLL
0x00007ffe3dcd0000 - 0x00007ffe3dcef000 	C:\Windows\SYSTEM32\dhcpcsvc.DLL
0x00007ffe3b910000 - 0x00007ffe3b91e000 	C:\Users\HP\Downloads\sts-4.21.0.RELEASE\plugins\org.eclipse.justj.openjdk.hotspot.jre.full.win32.x86_64_17.0.9.v20231028-0858\jre\bin\sunmscapi.dll
0x00007ffe4a000000 - 0x00007ffe4a166000 	C:\Windows\System32\CRYPT32.dll
0x00007ffe491e0000 - 0x00007ffe4920d000 	C:\Windows\SYSTEM32\ncrypt.dll
0x00007ffe491a0000 - 0x00007ffe491d7000 	C:\Windows\SYSTEM32\NTASN1.dll
0x00007ffe3dea0000 - 0x00007ffe3deb0000 	C:\Users\HP\Downloads\sts-4.21.0.RELEASE\plugins\org.eclipse.justj.openjdk.hotspot.jre.full.win32.x86_64_17.0.9.v20231028-0858\jre\bin\verify.dll
0x00007ffe32010000 - 0x00007ffe32018000 	C:\Windows\system32\wshunix.dll

dbghelp: loaded successfully - version: 4.0.5 - missing functions: none
symbol engine: initialized successfully - sym options: 0x614 - pdb path: .;C:\Users\HP\Downloads\sts-4.21.0.RELEASE\plugins\org.eclipse.justj.openjdk.hotspot.jre.full.win32.x86_64_17.0.9.v20231028-0858\jre\bin;C:\Windows\SYSTEM32;C:\Windows\WinSxS\amd64_microsoft.windows.common-controls_6595b64144ccf1df_6.0.22621.2506_none_270c5ae97388e100;C:\Users\HP\Downloads\sts-4.21.0.RELEASE\plugins\org.eclipse.justj.openjdk.hotspot.jre.full.win32.x86_64_17.0.9.v20231028-0858\jre\bin\server

VM Arguments:
jvm_args: -Dcom.sun.management.jmxremote -Dcom.sun.management.jmxremote.port=51539 -Dcom.sun.management.jmxremote.authenticate=false -Dcom.sun.management.jmxremote.ssl=false -Djava.rmi.server.hostname=localhost -Dspring.jmx.enabled=true -Dmanagement.endpoints.jmx.exposure.include=* -Dspring.application.admin.enabled=true -XX:TieredStopAtLevel=1 -Dspring.boot.project.name=Student-Portal -Dfile.encoding=UTF-8 -Dstdout.encoding=UTF-8 -Dstderr.encoding=UTF-8 -XX:+ShowCodeDetailsInExceptionMessages 
java_command: com.boot.StudentPortalApplication --spring.output.ansi.enabled=always
java_class_path (initial): C:\Users\HP\Desktop\workspaces\MiniProject-1 ( Student-portal )\Student-Portal\target\classes;C:\Users\HP\.m2\repository\org\springframework\boot\spring-boot-starter-data-jpa\3.2.1\spring-boot-starter-data-jpa-3.2.1.jar;C:\Users\HP\.m2\repository\org\springframework\boot\spring-boot-starter-aop\3.2.1\spring-boot-starter-aop-3.2.1.jar;C:\Users\HP\.m2\repository\org\springframework\spring-aop\6.1.2\spring-aop-6.1.2.jar;C:\Users\HP\.m2\repository\org\aspectj\aspectjweaver\1.9.21\aspectjweaver-1.9.21.jar;C:\Users\HP\.m2\repository\org\springframework\boot\spring-boot-starter-jdbc\3.2.1\spring-boot-starter-jdbc-3.2.1.jar;C:\Users\HP\.m2\repository\com\zaxxer\HikariCP\5.0.1\HikariCP-5.0.1.jar;C:\Users\HP\.m2\repository\org\springframework\spring-jdbc\6.1.2\spring-jdbc-6.1.2.jar;C:\Users\HP\.m2\repository\org\hibernate\orm\hibernate-core\6.4.1.Final\hibernate-core-6.4.1.Final.jar;C:\Users\HP\.m2\repository\jakarta\persistence\jakarta.persistence-api\3.1.0\jakarta.persistence-api-3.1.0.jar;C:\Users\HP\.m2\repository\jakarta\transaction\jakarta.transaction-api\2.0.1\jakarta.transaction-api-2.0.1.jar;C:\Users\HP\.m2\repository\org\jboss\logging\jboss-logging\3.5.3.Final\jboss-logging-3.5.3.Final.jar;C:\Users\HP\.m2\repository\org\hibernate\common\hibernate-commons-annotations\6.0.6.Final\hibernate-commons-annotations-6.0.6.Final.jar;C:\Users\HP\.m2\repository\io\smallrye\jandex\3.1.2\jandex-3.1.2.jar;C:\Users\HP\.m2\repository\com\fasterxml\classmate\1.6.0\classmate-1.6.0.jar;C:\Users\HP\.m2\repository\net\bytebuddy\byte-buddy\1.14.10\byte-buddy-1.14.10.jar;C:\Users\HP\.m2\repository\org\glassfish\jaxb\jaxb-runtime\4.0.4\jaxb-runtime-4.0.4.jar;C:\Users\HP\.m2\repository\org\glassfish\jaxb\jaxb-core\4.0.4\jaxb-core-4.0.4.jar;C:\Users\HP\.m2\repository\org\glassfish\jaxb\txw2\4.0.4\txw2-4.0.4.jar;C:\Users\HP\.m2\repository\com\sun\istack\istack-commons-runtime\4.1.2\istack-commons-runtime-4.1.2.jar;C:\Users\HP\.m2\repository\jakarta\inject\jakarta.i
Launcher Type: SUN_STANDARD

[Global flags]
     intx CICompilerCount                          = 4                                         {product} {ergonomic}
     uint ConcGCThreads                            = 2                                         {product} {ergonomic}
     uint G1ConcRefinementThreads                  = 8                                         {product} {ergonomic}
   size_t G1HeapRegionSize                         = 1048576                                   {product} {ergonomic}
    uintx GCDrainStackTargetSize                   = 64                                        {product} {ergonomic}
   size_t InitialHeapSize                          = 132120576                                 {product} {ergonomic}
     bool ManagementServer                         = true                                      {product} {command line}
   size_t MarkStackSize                            = 4194304                                   {product} {ergonomic}
   size_t MaxHeapSize                              = 2107637760                                {product} {ergonomic}
   size_t MaxNewSize                               = 1264582656                                {product} {ergonomic}
   size_t MinHeapDeltaBytes                        = 1048576                                   {product} {ergonomic}
   size_t MinHeapSize                              = 8388608                                   {product} {ergonomic}
    uintx NonProfiledCodeHeapSize                  = 0                                      {pd product} {ergonomic}
     bool ProfileInterpreter                       = false                                  {pd product} {command line}
    uintx ProfiledCodeHeapSize                     = 0                                      {pd product} {ergonomic}
     bool ShowCodeDetailsInExceptionMessages       = true                                   {manageable} {command line}
   size_t SoftMaxHeapSize                          = 2107637760                             {manageable} {ergonomic}
     intx TieredStopAtLevel                        = 1                                         {product} {command line}
     bool UseCompressedClassPointers               = true                           {product lp64_product} {ergonomic}
     bool UseCompressedOops                        = true                           {product lp64_product} {ergonomic}
     bool UseG1GC                                  = true                                      {product} {ergonomic}
     bool UseLargePagesIndividualAllocation        = false                                  {pd product} {ergonomic}

Logging:
Log output configuration:
 #0: stdout all=warning uptime,level,tags
 #1: stderr all=off uptime,level,tags

Environment Variables:
JAVA_HOME=C:\Program Files\Java\jdk-17
PATH=C:/Users/HP/Downloads/sts-4.21.0.RELEASE//plugins/org.eclipse.justj.openjdk.hotspot.jre.full.win32.x86_64_17.0.9.v20231028-0858/jre/bin/server;C:/Users/HP/Downloads/sts-4.21.0.RELEASE//plugins/org.eclipse.justj.openjdk.hotspot.jre.full.win32.x86_64_17.0.9.v20231028-0858/jre/bin;C:\Oracle\db_home\bin;C:\Program Files\Common Files\Oracle\Java\javapath;C:\Windows\system32;C:\Windows;C:\Windows\System32\Wbem;C:\Windows\System32\WindowsPowerShell\v1.0\;C:\Windows\System32\OpenSSH\;C:\Program Files\Java\jdk-17\bin;C:\Users\HP\apache-maven-3.9.6-bin\apache-maven-3.9.6\bin;C:\Program Files\Git\cmd;C:\Users\HP\AppData\Local\Microsoft\WindowsApps;C:\Program Files\Java\jdk-17\bin;;C:\Users\HP\VS Code\Microsoft VS Code\bin;C:\Users\HP\Downloads\sts-4.21.0.RELEASE;
USERNAME=HP
OS=Windows_NT
PROCESSOR_IDENTIFIER=Intel64 Family 6 Model 142 Stepping 10, GenuineIntel
TMP=C:\Users\HP\AppData\Local\Temp
TEMP=C:\Users\HP\AppData\Local\Temp



Periodic native trim disabled


---------------  S Y S T E M  ---------------

OS:
 Windows 11 , 64 bit Build 22621 (10.0.22621.2506)
OS uptime: 0 days 9:28 hours
Hyper-V role detected

CPU: total 8 (initial active 8) (4 cores per cpu, 2 threads per core) family 6 model 142 stepping 10 microcode 0xf4, cx8, cmov, fxsr, ht, mmx, 3dnowpref, sse, sse2, sse3, ssse3, sse4.1, sse4.2, popcnt, lzcnt, tsc, tscinvbit, avx, avx2, aes, erms, clmul, bmi1, bmi2, rtm, adx, fma, vzeroupper, clflush, clflushopt, hv
Processor Information for processor 0
  Max Mhz: 1896, Current Mhz: 1496, Mhz Limit: 1687
Processor Information for processor 1
  Max Mhz: 1896, Current Mhz: 1696, Mhz Limit: 1687
Processor Information for processor 2
  Max Mhz: 1896, Current Mhz: 1496, Mhz Limit: 1687
Processor Information for processor 3
  Max Mhz: 1896, Current Mhz: 1696, Mhz Limit: 1687
Processor Information for processor 4
  Max Mhz: 1896, Current Mhz: 1696, Mhz Limit: 1687
Processor Information for processor 5
  Max Mhz: 1896, Current Mhz: 1496, Mhz Limit: 1687
Processor Information for processor 6
  Max Mhz: 1896, Current Mhz: 1496, Mhz Limit: 1687
Processor Information for processor 7
  Max Mhz: 1896, Current Mhz: 1496, Mhz Limit: 1687

Memory: 4k page, system-wide physical 8035M (1515M free)
TotalPageFile size 12003M (AvailPageFile size 1668M)
current process WorkingSet (physical memory assigned to process): 217M, peak: 220M
current process commit charge ("private bytes"): 249M, peak: 258M

vm_info: OpenJDK 64-Bit Server VM (17.0.9+9) for windows-amd64 JRE (17.0.9+9), built on Oct 26 2023 14:01:42 by "admin" with MS VC++ 16.10 / 16.11 (VS2019)

END.
